  Box.cpp
  C:\Program Files (x86)\Microsoft DirectX SDK (June 2010)\Include\dinput.h: DIRECTINPUT_VERSION undefined. Defaulting to version 0x0800
D:\HelloDirect\HelloDirect\Define.h(17,1): warning C4005:  'DIRECTINPUT_VERSION': macro redefinition
C:\Program Files (x86)\Microsoft DirectX SDK (June 2010)\Include\dinput.h(42): message :  see previous definition of 'DIRECTINPUT_VERSION'
D:\HelloDirect\HelloDirect\Define.h(214,1): warning C4005:  'CAPTAIN_WALKING_SPEED': macro redefinition
D:\HelloDirect\HelloDirect\Define.h(24): message :  see previous definition of 'CAPTAIN_WALKING_SPEED'
D:\HelloDirect\HelloDirect\Define.h(215,1): warning C4005:  'CAPTAIN_JUMP_SPEED_Y': macro redefinition
  Bullet.cpp
D:\HelloDirect\HelloDirect\Define.h(26): message :  see previous definition of 'CAPTAIN_JUMP_SPEED_Y'
D:\HelloDirect\HelloDirect\Define.h(26): message : C:\Program Files (x86)\Microsoft DirectX SDK (June 2010)\Include\dinput.h: DIRECTINPUT_VERSION undefined. Defaulting to version 0x0800
D:\HelloDirect\HelloDirect\Define.h(17,1): warning C4005:  'DIRECTINPUT_VERSION': macro redefinition
C:\Program Files (x86)\Microsoft DirectX SDK (June 2010)\Include\dinput.h(42): message :  see previous definition of 'DIRECTINPUT_VERSION'
D:\HelloDirect\HelloDirect\Define.h(214,1): warning C4005:  'CAPTAIN_WALKING_SPEED': macro redefinition
D:\HelloDirect\HelloDirect\Define.h(24): message :  see previous definition of 'CAPTAIN_WALKING_SPEED'
D:\HelloDirect\HelloDirect\Define.h(215,1): warning C4005:  'CAPTAIN_JUMP_SPEED_Y': macro redefinition
  Captain.cpp
D:\HelloDirect\HelloDirect\Define.h(26): message :  see previous definition of 'CAPTAIN_JUMP_SPEED_Y'
D:\HelloDirect\HelloDirect\Define.h(26): message : C:\Program Files (x86)\Microsoft DirectX SDK (June 2010)\Include\dinput.h: DIRECTINPUT_VERSION undefined. Defaulting to version 0x0800
D:\HelloDirect\HelloDirect\Define.h(17,1): warning C4005:  'DIRECTINPUT_VERSION': macro redefinition
C:\Program Files (x86)\Microsoft DirectX SDK (June 2010)\Include\dinput.h(42): message :  see previous definition of 'DIRECTINPUT_VERSION'
D:\HelloDirect\HelloDirect\Define.h(214,1): warning C4005:  'CAPTAIN_WALKING_SPEED': macro redefinition
D:\HelloDirect\HelloDirect\Define.h(24): message :  see previous definition of 'CAPTAIN_WALKING_SPEED'
D:\HelloDirect\HelloDirect\Define.h(215,1): warning C4005:  'CAPTAIN_JUMP_SPEED_Y': macro redefinition
D:\HelloDirect\HelloDirect\Define.h(26): message :  see previous definition of 'CAPTAIN_JUMP_SPEED_Y'
  Game.cpp
D:\HelloDirect\HelloDirect\Captain.cpp(353,20): warning C4018:  '<': signed/unsigned mismatch
D:\HelloDirect\HelloDirect\Captain.cpp(353,20): warning C4018: C:\Program Files (x86)\Microsoft DirectX SDK (June 2010)\Include\dinput.h: DIRECTINPUT_VERSION undefined. Defaulting to version 0x0800
D:\HelloDirect\HelloDirect\Define.h(17,1): warning C4005:  'DIRECTINPUT_VERSION': macro redefinition
C:\Program Files (x86)\Microsoft DirectX SDK (June 2010)\Include\dinput.h(42): message :  see previous definition of 'DIRECTINPUT_VERSION'
D:\HelloDirect\HelloDirect\Define.h(214,1): warning C4005:  'CAPTAIN_WALKING_SPEED': macro redefinition
D:\HelloDirect\HelloDirect\Define.h(24): message :  see previous definition of 'CAPTAIN_WALKING_SPEED'
D:\HelloDirect\HelloDirect\Define.h(215,1): warning C4005:  'CAPTAIN_JUMP_SPEED_Y': macro redefinition
D:\HelloDirect\HelloDirect\Define.h(26): message :  see previous definition of 'CAPTAIN_JUMP_SPEED_Y'
  GameInfo.cpp
D:\HelloDirect\HelloDirect\Game.cpp(131,38): warning C4244:  'argument': conversion from 'int' to 'FLOAT', possible loss of data
D:\HelloDirect\HelloDirect\Define.h(214,1): warning C4005:  'CAPTAIN_WALKING_SPEED': macro redefinition
D:\HelloDirect\HelloDirect\Define.h(24): message :  see previous definition of 'CAPTAIN_WALKING_SPEED'
D:\HelloDirect\HelloDirect\Define.h(215,1): warning C4005:  'CAPTAIN_JUMP_SPEED_Y': macro redefinition
D:\HelloDirect\HelloDirect\Define.h(26): message :  see previous definition of 'CAPTAIN_JUMP_SPEED_Y'
  GameObject.cpp
D:\HelloDirect\HelloDirect\GameInfo.cpp(33,37): warning C4244:  'argument': conversion from 'int' to 'float', possible loss of data
D:\HelloDirect\HelloDirect\GameInfo.cpp(33,37): warning C4244: C:\Program Files (x86)\Microsoft DirectX SDK (June 2010)\Include\dinput.h: DIRECTINPUT_VERSION undefined. Defaulting to version 0x0800
D:\HelloDirect\HelloDirect\Define.h(17,1): warning C4005:  'DIRECTINPUT_VERSION': macro redefinition
C:\Program Files (x86)\Microsoft DirectX SDK (June 2010)\Include\dinput.h(42): message :  see previous definition of 'DIRECTINPUT_VERSION'
D:\HelloDirect\HelloDirect\Define.h(214,1): warning C4005:  'CAPTAIN_WALKING_SPEED': macro redefinition
D:\HelloDirect\HelloDirect\Define.h(24): message :  see previous definition of 'CAPTAIN_WALKING_SPEED'
D:\HelloDirect\HelloDirect\Define.h(215,1): warning C4005:  'CAPTAIN_JUMP_SPEED_Y': macro redefinition
D:\HelloDirect\HelloDirect\Define.h(26): message :  see previous definition of 'CAPTAIN_JUMP_SPEED_Y'
D:\HelloDirect\HelloDirect\GameObject.cpp(111,26): warning C4305:  '=': truncation from '__int64' to 'float'
D:\HelloDirect\HelloDirect\GameObject.cpp(112,24): warning C4305:  '=': truncation from '__int64' to 'float'
D:\HelloDirect\HelloDirect\GameObject.cpp(122,26): warning C4305:  '=': truncation from '__int64' to 'float'
  GiftedPoint.cpp
D:\HelloDirect\HelloDirect\GameObject.cpp(123,24): warning C4305:  '=': truncation from '__int64' to 'float'
D:\HelloDirect\HelloDirect\GameObject.cpp(123,24): warning C4305: C:\Program Files (x86)\Microsoft DirectX SDK (June 2010)\Include\dinput.h: DIRECTINPUT_VERSION undefined. Defaulting to version 0x0800
D:\HelloDirect\HelloDirect\Define.h(17,1): warning C4005:  'DIRECTINPUT_VERSION': macro redefinition
C:\Program Files (x86)\Microsoft DirectX SDK (June 2010)\Include\dinput.h(42): message :  see previous definition of 'DIRECTINPUT_VERSION'
D:\HelloDirect\HelloDirect\Define.h(214,1): warning C4005:  'CAPTAIN_WALKING_SPEED': macro redefinition
D:\HelloDirect\HelloDirect\Define.h(24): message :  see previous definition of 'CAPTAIN_WALKING_SPEED'
D:\HelloDirect\HelloDirect\Define.h(215,1): warning C4005:  'CAPTAIN_JUMP_SPEED_Y': macro redefinition
  Grid.cpp
D:\HelloDirect\HelloDirect\Define.h(26): message :  see previous definition of 'CAPTAIN_JUMP_SPEED_Y'
D:\HelloDirect\HelloDirect\Define.h(26): message : C:\Program Files (x86)\Microsoft DirectX SDK (June 2010)\Include\dinput.h: DIRECTINPUT_VERSION undefined. Defaulting to version 0x0800
D:\HelloDirect\HelloDirect\Define.h(17,1): warning C4005:  'DIRECTINPUT_VERSION': macro redefinition
C:\Program Files (x86)\Microsoft DirectX SDK (June 2010)\Include\dinput.h(42): message :  see previous definition of 'DIRECTINPUT_VERSION'
D:\HelloDirect\HelloDirect\Define.h(214,1): warning C4005:  'CAPTAIN_WALKING_SPEED': macro redefinition
D:\HelloDirect\HelloDirect\Define.h(24): message :  see previous definition of 'CAPTAIN_WALKING_SPEED'
D:\HelloDirect\HelloDirect\Define.h(215,1): warning C4005:  'CAPTAIN_JUMP_SPEED_Y': macro redefinition
D:\HelloDirect\HelloDirect\Define.h(26): message :  see previous definition of 'CAPTAIN_JUMP_SPEED_Y'
  Input.cpp
D:\HelloDirect\HelloDirect\Grid.cpp(90,14): warning C4244:  'initializing': conversion from 'float' to 'int', possible loss of data
D:\HelloDirect\HelloDirect\Grid.cpp(90,14): warning C4244: C:\Program Files (x86)\Microsoft DirectX SDK (June 2010)\Include\dinput.h: DIRECTINPUT_VERSION undefined. Defaulting to version 0x0800
D:\HelloDirect\HelloDirect\Define.h(17,1): warning C4005:  'DIRECTINPUT_VERSION': macro redefinition
C:\Program Files (x86)\Microsoft DirectX SDK (June 2010)\Include\dinput.h(42): message :  see previous definition of 'DIRECTINPUT_VERSION'
D:\HelloDirect\HelloDirect\Define.h(214,1): warning C4005:  'CAPTAIN_WALKING_SPEED': macro redefinition
D:\HelloDirect\HelloDirect\Define.h(24): message :  see previous definition of 'CAPTAIN_WALKING_SPEED'
D:\HelloDirect\HelloDirect\Define.h(215,1): warning C4005:  'CAPTAIN_JUMP_SPEED_Y': macro redefinition
  Items.cpp
D:\HelloDirect\HelloDirect\Define.h(26): message :  see previous definition of 'CAPTAIN_JUMP_SPEED_Y'
D:\HelloDirect\HelloDirect\Define.h(26): message : C:\Program Files (x86)\Microsoft DirectX SDK (June 2010)\Include\dinput.h: DIRECTINPUT_VERSION undefined. Defaulting to version 0x0800
D:\HelloDirect\HelloDirect\Define.h(17,1): warning C4005:  'DIRECTINPUT_VERSION': macro redefinition
C:\Program Files (x86)\Microsoft DirectX SDK (June 2010)\Include\dinput.h(42): message :  see previous definition of 'DIRECTINPUT_VERSION'
D:\HelloDirect\HelloDirect\Define.h(214,1): warning C4005:  'CAPTAIN_WALKING_SPEED': macro redefinition
D:\HelloDirect\HelloDirect\Define.h(24): message :  see previous definition of 'CAPTAIN_WALKING_SPEED'
D:\HelloDirect\HelloDirect\Define.h(215,1): warning C4005:  'CAPTAIN_JUMP_SPEED_Y': macro redefinition
D:\HelloDirect\HelloDirect\Define.h(26): message :  see previous definition of 'CAPTAIN_JUMP_SPEED_Y'
  MiniBoss.cpp
D:\HelloDirect\HelloDirect\Items.cpp(88,20): warning C4018:  '<': signed/unsigned mismatch
D:\HelloDirect\HelloDirect\Items.cpp(88,20): warning C4018: C:\Program Files (x86)\Microsoft DirectX SDK (June 2010)\Include\dinput.h: DIRECTINPUT_VERSION undefined. Defaulting to version 0x0800
D:\HelloDirect\HelloDirect\Define.h(17,1): warning C4005:  'DIRECTINPUT_VERSION': macro redefinition
C:\Program Files (x86)\Microsoft DirectX SDK (June 2010)\Include\dinput.h(42): message :  see previous definition of 'DIRECTINPUT_VERSION'
D:\HelloDirect\HelloDirect\Define.h(214,1): warning C4005:  'CAPTAIN_WALKING_SPEED': macro redefinition
D:\HelloDirect\HelloDirect\Define.h(24): message :  see previous definition of 'CAPTAIN_WALKING_SPEED'
D:\HelloDirect\HelloDirect\Define.h(215,1): warning C4005:  'CAPTAIN_JUMP_SPEED_Y': macro redefinition
D:\HelloDirect\HelloDirect\Define.h(26): message :  see previous definition of 'CAPTAIN_JUMP_SPEED_Y'
  Rocket.cpp
D:\HelloDirect\HelloDirect\MiniBoss.cpp(111,20): warning C4018:  '<': signed/unsigned mismatch
D:\HelloDirect\HelloDirect\MiniBoss.cpp(111,20): warning C4018: C:\Program Files (x86)\Microsoft DirectX SDK (June 2010)\Include\dinput.h: DIRECTINPUT_VERSION undefined. Defaulting to version 0x0800
D:\HelloDirect\HelloDirect\Define.h(17,1): warning C4005:  'DIRECTINPUT_VERSION': macro redefinition
C:\Program Files (x86)\Microsoft DirectX SDK (June 2010)\Include\dinput.h(42): message :  see previous definition of 'DIRECTINPUT_VERSION'
D:\HelloDirect\HelloDirect\Define.h(214,1): warning C4005:  'CAPTAIN_WALKING_SPEED': macro redefinition
D:\HelloDirect\HelloDirect\Define.h(24): message :  see previous definition of 'CAPTAIN_WALKING_SPEED'
D:\HelloDirect\HelloDirect\Define.h(215,1): warning C4005:  'CAPTAIN_JUMP_SPEED_Y': macro redefinition
  Rocketer.cpp
D:\HelloDirect\HelloDirect\Define.h(26): message :  see previous definition of 'CAPTAIN_JUMP_SPEED_Y'
D:\HelloDirect\HelloDirect\Define.h(26): message : C:\Program Files (x86)\Microsoft DirectX SDK (June 2010)\Include\dinput.h: DIRECTINPUT_VERSION undefined. Defaulting to version 0x0800
D:\HelloDirect\HelloDirect\Define.h(17,1): warning C4005:  'DIRECTINPUT_VERSION': macro redefinition
C:\Program Files (x86)\Microsoft DirectX SDK (June 2010)\Include\dinput.h(42): message :  see previous definition of 'DIRECTINPUT_VERSION'
D:\HelloDirect\HelloDirect\Define.h(214,1): warning C4005:  'CAPTAIN_WALKING_SPEED': macro redefinition
D:\HelloDirect\HelloDirect\Define.h(24): message :  see previous definition of 'CAPTAIN_WALKING_SPEED'
D:\HelloDirect\HelloDirect\Define.h(215,1): warning C4005:  'CAPTAIN_JUMP_SPEED_Y': macro redefinition
D:\HelloDirect\HelloDirect\Define.h(26): message :  see previous definition of 'CAPTAIN_JUMP_SPEED_Y'
D:\HelloDirect\HelloDirect\Rocketer.cpp(134,20): warning C4018:  '<': signed/unsigned mismatch
D:\HelloDirect\HelloDirect\Rocketer.cpp(160,12): warning C4244:  '=': conversion from 'double' to 'float', possible loss of data
  SceneManager.cpp
D:\HelloDirect\HelloDirect\Rocketer.cpp(161,12): warning C4305:  '=': truncation from 'double' to 'float'
D:\HelloDirect\HelloDirect\Rocketer.cpp(161,12): warning C4305: C:\Program Files (x86)\Microsoft DirectX SDK (June 2010)\Include\dinput.h: DIRECTINPUT_VERSION undefined. Defaulting to version 0x0800
D:\HelloDirect\HelloDirect\Define.h(17,1): warning C4005:  'DIRECTINPUT_VERSION': macro redefinition
C:\Program Files (x86)\Microsoft DirectX SDK (June 2010)\Include\dinput.h(42): message :  see previous definition of 'DIRECTINPUT_VERSION'
D:\HelloDirect\HelloDirect\Define.h(214,1): warning C4005:  'CAPTAIN_WALKING_SPEED': macro redefinition
D:\HelloDirect\HelloDirect\Define.h(24): message :  see previous definition of 'CAPTAIN_WALKING_SPEED'
D:\HelloDirect\HelloDirect\Define.h(215,1): warning C4005:  'CAPTAIN_JUMP_SPEED_Y': macro redefinition
D:\HelloDirect\HelloDirect\Define.h(26): message :  see previous definition of 'CAPTAIN_JUMP_SPEED_Y'
D:\HelloDirect\HelloDirect\SceneManager.cpp(111,20): warning C4018:  '<': signed/unsigned mismatch
D:\HelloDirect\HelloDirect\SceneManager.cpp(147,20): warning C4018:  '<': signed/unsigned mismatch
D:\HelloDirect\HelloDirect\SceneManager.cpp(354,48): warning C4018:  '>=': signed/unsigned mismatch
  Shield.cpp
D:\HelloDirect\HelloDirect\SceneManager.cpp(396,49): warning C4018:  '>=': signed/unsigned mismatch
D:\HelloDirect\HelloDirect\SceneManager.cpp(396,49): warning C4018: C:\Program Files (x86)\Microsoft DirectX SDK (June 2010)\Include\dinput.h: DIRECTINPUT_VERSION undefined. Defaulting to version 0x0800
D:\HelloDirect\HelloDirect\Define.h(17,1): warning C4005:  'DIRECTINPUT_VERSION': macro redefinition
C:\Program Files (x86)\Microsoft DirectX SDK (June 2010)\Include\dinput.h(42): message :  see previous definition of 'DIRECTINPUT_VERSION'
D:\HelloDirect\HelloDirect\Define.h(214,1): warning C4005:  'CAPTAIN_WALKING_SPEED': macro redefinition
D:\HelloDirect\HelloDirect\Define.h(24): message :  see previous definition of 'CAPTAIN_WALKING_SPEED'
D:\HelloDirect\HelloDirect\Define.h(215,1): warning C4005:  'CAPTAIN_JUMP_SPEED_Y': macro redefinition
D:\HelloDirect\HelloDirect\Define.h(26): message :  see previous definition of 'CAPTAIN_JUMP_SPEED_Y'
  Shooter.cpp
D:\HelloDirect\HelloDirect\Shield.cpp(82,20): warning C4018:  '<': signed/unsigned mismatch
D:\HelloDirect\HelloDirect\Shield.cpp(82,20): warning C4018: C:\Program Files (x86)\Microsoft DirectX SDK (June 2010)\Include\dinput.h: DIRECTINPUT_VERSION undefined. Defaulting to version 0x0800
D:\HelloDirect\HelloDirect\Define.h(17,1): warning C4005:  'DIRECTINPUT_VERSION': macro redefinition
C:\Program Files (x86)\Microsoft DirectX SDK (June 2010)\Include\dinput.h(42): message :  see previous definition of 'DIRECTINPUT_VERSION'
D:\HelloDirect\HelloDirect\Define.h(214,1): warning C4005:  'CAPTAIN_WALKING_SPEED': macro redefinition
D:\HelloDirect\HelloDirect\Define.h(24): message :  see previous definition of 'CAPTAIN_WALKING_SPEED'
D:\HelloDirect\HelloDirect\Define.h(215,1): warning C4005:  'CAPTAIN_JUMP_SPEED_Y': macro redefinition
D:\HelloDirect\HelloDirect\Define.h(26): message :  see previous definition of 'CAPTAIN_JUMP_SPEED_Y'
  Skyper.cpp
D:\HelloDirect\HelloDirect\Shooter.cpp(108,20): warning C4018:  '<': signed/unsigned mismatch
D:\HelloDirect\HelloDirect\Shooter.cpp(108,20): warning C4018: C:\Program Files (x86)\Microsoft DirectX SDK (June 2010)\Include\dinput.h: DIRECTINPUT_VERSION undefined. Defaulting to version 0x0800
D:\HelloDirect\HelloDirect\Define.h(17,1): warning C4005:  'DIRECTINPUT_VERSION': macro redefinition
C:\Program Files (x86)\Microsoft DirectX SDK (June 2010)\Include\dinput.h(42): message :  see previous definition of 'DIRECTINPUT_VERSION'
D:\HelloDirect\HelloDirect\Define.h(214,1): warning C4005:  'CAPTAIN_WALKING_SPEED': macro redefinition
D:\HelloDirect\HelloDirect\Define.h(24): message :  see previous definition of 'CAPTAIN_WALKING_SPEED'
D:\HelloDirect\HelloDirect\Define.h(215,1): warning C4005:  'CAPTAIN_JUMP_SPEED_Y': macro redefinition
D:\HelloDirect\HelloDirect\Define.h(26): message :  see previous definition of 'CAPTAIN_JUMP_SPEED_Y'
  Source.cpp
D:\HelloDirect\HelloDirect\Skyper.cpp(106,20): warning C4018:  '<': signed/unsigned mismatch
D:\HelloDirect\HelloDirect\Define.h(214,1): warning C4005:  'CAPTAIN_WALKING_SPEED': macro redefinition
D:\HelloDirect\HelloDirect\Define.h(24): message :  see previous definition of 'CAPTAIN_WALKING_SPEED'
D:\HelloDirect\HelloDirect\Define.h(215,1): warning C4005:  'CAPTAIN_JUMP_SPEED_Y': macro redefinition
  Sprites.cpp
D:\HelloDirect\HelloDirect\Define.h(26): message :  see previous definition of 'CAPTAIN_JUMP_SPEED_Y'
D:\HelloDirect\HelloDirect\Define.h(26): message : C:\Program Files (x86)\Microsoft DirectX SDK (June 2010)\Include\dinput.h: DIRECTINPUT_VERSION undefined. Defaulting to version 0x0800
D:\HelloDirect\HelloDirect\Define.h(17,1): warning C4005:  'DIRECTINPUT_VERSION': macro redefinition
C:\Program Files (x86)\Microsoft DirectX SDK (June 2010)\Include\dinput.h(42): message :  see previous definition of 'DIRECTINPUT_VERSION'
D:\HelloDirect\HelloDirect\Define.h(214,1): warning C4005:  'CAPTAIN_WALKING_SPEED': macro redefinition
D:\HelloDirect\HelloDirect\Define.h(24): message :  see previous definition of 'CAPTAIN_WALKING_SPEED'
D:\HelloDirect\HelloDirect\Define.h(215,1): warning C4005:  'CAPTAIN_JUMP_SPEED_Y': macro redefinition
D:\HelloDirect\HelloDirect\Define.h(26): message :  see previous definition of 'CAPTAIN_JUMP_SPEED_Y'
  Textures.cpp
D:\HelloDirect\HelloDirect\Sprites.cpp(68,21): warning C4018:  '>=': signed/unsigned mismatch
D:\HelloDirect\HelloDirect\Sprites.cpp(68,21): warning C4018: C:\Program Files (x86)\Microsoft DirectX SDK (June 2010)\Include\dinput.h: DIRECTINPUT_VERSION undefined. Defaulting to version 0x0800
D:\HelloDirect\HelloDirect\Define.h(17,1): warning C4005:  'DIRECTINPUT_VERSION': macro redefinition
C:\Program Files (x86)\Microsoft DirectX SDK (June 2010)\Include\dinput.h(42): message :  see previous definition of 'DIRECTINPUT_VERSION'
D:\HelloDirect\HelloDirect\Define.h(214,1): warning C4005:  'CAPTAIN_WALKING_SPEED': macro redefinition
D:\HelloDirect\HelloDirect\Define.h(24): message :  see previous definition of 'CAPTAIN_WALKING_SPEED'
D:\HelloDirect\HelloDirect\Define.h(215,1): warning C4005:  'CAPTAIN_JUMP_SPEED_Y': macro redefinition
  Generating Code...
  Compiling...
  Tilemap.cpp
D:\HelloDirect\HelloDirect\Define.h(26): message :  see previous definition of 'CAPTAIN_JUMP_SPEED_Y'
D:\HelloDirect\HelloDirect\Define.h(26): message : C:\Program Files (x86)\Microsoft DirectX SDK (June 2010)\Include\dinput.h: DIRECTINPUT_VERSION undefined. Defaulting to version 0x0800
D:\HelloDirect\HelloDirect\Define.h(17,1): warning C4005:  'DIRECTINPUT_VERSION': macro redefinition
C:\Program Files (x86)\Microsoft DirectX SDK (June 2010)\Include\dinput.h(42): message :  see previous definition of 'DIRECTINPUT_VERSION'
D:\HelloDirect\HelloDirect\Define.h(214,1): warning C4005:  'CAPTAIN_WALKING_SPEED': macro redefinition
D:\HelloDirect\HelloDirect\Define.h(24): message :  see previous definition of 'CAPTAIN_WALKING_SPEED'
D:\HelloDirect\HelloDirect\Define.h(215,1): warning C4005:  'CAPTAIN_JUMP_SPEED_Y': macro redefinition
D:\HelloDirect\HelloDirect\Define.h(26): message :  see previous definition of 'CAPTAIN_JUMP_SPEED_Y'
D:\HelloDirect\HelloDirect\Tilemap.cpp(111,88): warning C4244:  'argument': conversion from 'int' to 'float', possible loss of data
D:\HelloDirect\HelloDirect\Tilemap.cpp(111,57): warning C4244:  'argument': conversion from 'int' to 'float', possible loss of data
  Wizard.cpp
D:\HelloDirect\HelloDirect\Tilemap.cpp(128,12): warning C4244:  'initializing': conversion from 'int' to 'float', possible loss of data
D:\HelloDirect\HelloDirect\Tilemap.cpp(128,12): warning C4244: C:\Program Files (x86)\Microsoft DirectX SDK (June 2010)\Include\dinput.h: DIRECTINPUT_VERSION undefined. Defaulting to version 0x0800
D:\HelloDirect\HelloDirect\Define.h(17,1): warning C4005:  'DIRECTINPUT_VERSION': macro redefinition
C:\Program Files (x86)\Microsoft DirectX SDK (June 2010)\Include\dinput.h(42): message :  see previous definition of 'DIRECTINPUT_VERSION'
D:\HelloDirect\HelloDirect\Define.h(214,1): warning C4005:  'CAPTAIN_WALKING_SPEED': macro redefinition
D:\HelloDirect\HelloDirect\Define.h(24): message :  see previous definition of 'CAPTAIN_WALKING_SPEED'
D:\HelloDirect\HelloDirect\Define.h(215,1): warning C4005:  'CAPTAIN_JUMP_SPEED_Y': macro redefinition
D:\HelloDirect\HelloDirect\Define.h(26): message :  see previous definition of 'CAPTAIN_JUMP_SPEED_Y'
  Generating Code...
D:\HelloDirect\HelloDirect\Wizard.cpp(111,20): warning C4018:  '<': signed/unsigned mismatch
  HelloDirect.vcxproj -> D:\HelloDirect\Debug\HelloDirect.exe
